<?xml version="1.0" encoding="UTF-8"?>
<testsuite xmlns:xsi="http://www.w3.org/2001/XMLSchema-instance" xsi:noNamespaceSchemaLocation="https://maven.apache.org/surefire/maven-surefire-plugin/xsd/surefire-test-report.xsd" name="com.netty.client.ClientApplicationTests" time="0.885" tests="1" errors="0" skipped="0" failures="0">
  <properties>
    <property name="sun.desktop" value="windows"/>
    <property name="awt.toolkit" value="sun.awt.windows.WToolkit"/>
    <property name="file.encoding.pkg" value="sun.io"/>
    <property name="java.specification.version" value="1.8"/>
    <property name="sun.cpu.isalist" value="amd64"/>
    <property name="sun.jnu.encoding" value="GBK"/>
    <property name="java.class.path" value="D:\project\new\netty-start\client\target\test-classes;D:\project\new\netty-start\client\target\classes;D:\yun_maven\org\springframework\boot\spring-boot-starter\2.2.6.RELEASE\spring-boot-starter-2.2.6.RELEASE.jar;D:\yun_maven\org\springframework\boot\spring-boot\2.2.6.RELEASE\spring-boot-2.2.6.RELEASE.jar;D:\yun_maven\org\springframework\spring-context\5.2.5.RELEASE\spring-context-5.2.5.RELEASE.jar;D:\yun_maven\org\springframework\spring-aop\5.2.5.RELEASE\spring-aop-5.2.5.RELEASE.jar;D:\yun_maven\org\springframework\spring-beans\5.2.5.RELEASE\spring-beans-5.2.5.RELEASE.jar;D:\yun_maven\org\springframework\spring-expression\5.2.5.RELEASE\spring-expression-5.2.5.RELEASE.jar;D:\yun_maven\org\springframework\boot\spring-boot-autoconfigure\2.2.6.RELEASE\spring-boot-autoconfigure-2.2.6.RELEASE.jar;D:\yun_maven\org\springframework\boot\spring-boot-starter-logging\2.2.6.RELEASE\spring-boot-starter-logging-2.2.6.RELEASE.jar;D:\yun_maven\ch\qos\logback\logback-classic\1.2.3\logback-classic-1.2.3.jar;D:\yun_maven\ch\qos\logback\logback-core\1.2.3\logback-core-1.2.3.jar;D:\yun_maven\org\apache\logging\log4j\log4j-to-slf4j\2.12.1\log4j-to-slf4j-2.12.1.jar;D:\yun_maven\org\apache\logging\log4j\log4j-api\2.12.1\log4j-api-2.12.1.jar;D:\yun_maven\org\slf4j\jul-to-slf4j\1.7.30\jul-to-slf4j-1.7.30.jar;D:\yun_maven\jakarta\annotation\jakarta.annotation-api\1.3.5\jakarta.annotation-api-1.3.5.jar;D:\yun_maven\org\springframework\spring-core\5.2.5.RELEASE\spring-core-5.2.5.RELEASE.jar;D:\yun_maven\org\springframework\spring-jcl\5.2.5.RELEASE\spring-jcl-5.2.5.RELEASE.jar;D:\yun_maven\org\yaml\snakeyaml\1.25\snakeyaml-1.25.jar;D:\yun_maven\org\projectlombok\lombok\1.18.12\lombok-1.18.12.jar;D:\yun_maven\org\springframework\boot\spring-boot-starter-test\2.2.6.RELEASE\spring-boot-starter-test-2.2.6.RELEASE.jar;D:\yun_maven\org\springframework\boot\spring-boot-test\2.2.6.RELEASE\spring-boot-test-2.2.6.RELEASE.jar;D:\yun_maven\org\springframework\boot\spring-boot-test-autoconfigure\2.2.6.RELEASE\spring-boot-test-autoconfigure-2.2.6.RELEASE.jar;D:\yun_maven\com\jayway\jsonpath\json-path\2.4.0\json-path-2.4.0.jar;D:\yun_maven\net\minidev\json-smart\2.3\json-smart-2.3.jar;D:\yun_maven\net\minidev\accessors-smart\1.2\accessors-smart-1.2.jar;D:\yun_maven\org\ow2\asm\asm\5.0.4\asm-5.0.4.jar;D:\yun_maven\org\slf4j\slf4j-api\1.7.30\slf4j-api-1.7.30.jar;D:\yun_maven\jakarta\xml\bind\jakarta.xml.bind-api\2.3.3\jakarta.xml.bind-api-2.3.3.jar;D:\yun_maven\jakarta\activation\jakarta.activation-api\1.2.2\jakarta.activation-api-1.2.2.jar;D:\yun_maven\org\junit\jupiter\junit-jupiter\5.5.2\junit-jupiter-5.5.2.jar;D:\yun_maven\org\junit\jupiter\junit-jupiter-api\5.5.2\junit-jupiter-api-5.5.2.jar;D:\yun_maven\org\apiguardian\apiguardian-api\1.1.0\apiguardian-api-1.1.0.jar;D:\yun_maven\org\opentest4j\opentest4j\1.2.0\opentest4j-1.2.0.jar;D:\yun_maven\org\junit\platform\junit-platform-commons\1.5.2\junit-platform-commons-1.5.2.jar;D:\yun_maven\org\junit\jupiter\junit-jupiter-params\5.5.2\junit-jupiter-params-5.5.2.jar;D:\yun_maven\org\junit\jupiter\junit-jupiter-engine\5.5.2\junit-jupiter-engine-5.5.2.jar;D:\yun_maven\org\junit\platform\junit-platform-engine\1.5.2\junit-platform-engine-1.5.2.jar;D:\yun_maven\org\mockito\mockito-junit-jupiter\3.1.0\mockito-junit-jupiter-3.1.0.jar;D:\yun_maven\org\assertj\assertj-core\3.13.2\assertj-core-3.13.2.jar;D:\yun_maven\org\hamcrest\hamcrest\2.1\hamcrest-2.1.jar;D:\yun_maven\org\mockito\mockito-core\3.1.0\mockito-core-3.1.0.jar;D:\yun_maven\net\bytebuddy\byte-buddy\1.10.8\byte-buddy-1.10.8.jar;D:\yun_maven\net\bytebuddy\byte-buddy-agent\1.10.8\byte-buddy-agent-1.10.8.jar;D:\yun_maven\org\objenesis\objenesis\2.6\objenesis-2.6.jar;D:\yun_maven\org\skyscreamer\jsonassert\1.5.0\jsonassert-1.5.0.jar;D:\yun_maven\com\vaadin\external\google\android-json\0.0.20131108.vaadin1\android-json-0.0.20131108.vaadin1.jar;D:\yun_maven\org\springframework\spring-test\5.2.5.RELEASE\spring-test-5.2.5.RELEASE.jar;D:\yun_maven\org\xmlunit\xmlunit-core\2.6.4\xmlunit-core-2.6.4.jar;D:\yun_maven\io\netty\netty-all\4.0.0.Final\netty-all-4.0.0.Final.jar;D:\yun_maven\com\alibaba\fastjson\1.2.59\fastjson-1.2.59.jar;"/>
    <property name="java.vm.vendor" value="Oracle Corporation"/>
    <property name="sun.arch.data.model" value="64"/>
    <property name="user.variant" value=""/>
    <property name="java.vendor.url" value="http://java.oracle.com/"/>
    <property name="user.timezone" value="Asia/Shanghai"/>
    <property name="java.vm.specification.version" value="1.8"/>
    <property name="os.name" value="Windows 10"/>
    <property name="user.country" value="CN"/>
    <property name="sun.java.launcher" value="SUN_STANDARD"/>
    <property name="sun.boot.library.path" value="D:\java\jdk8\jre\bin"/>
    <property name="sun.java.command" value="C:\Users\DYANGX\AppData\Local\Temp\surefire6708928170916160977\surefirebooter4784379700908531311.jar C:\Users\DYANGX\AppData\Local\Temp\surefire6708928170916160977 2020-04-11T12-34-13_359-jvmRun1 surefire2294400104252108943tmp surefire_08374741146755251294tmp"/>
    <property name="surefire.test.class.path" value="D:\project\new\netty-start\client\target\test-classes;D:\project\new\netty-start\client\target\classes;D:\yun_maven\org\springframework\boot\spring-boot-starter\2.2.6.RELEASE\spring-boot-starter-2.2.6.RELEASE.jar;D:\yun_maven\org\springframework\boot\spring-boot\2.2.6.RELEASE\spring-boot-2.2.6.RELEASE.jar;D:\yun_maven\org\springframework\spring-context\5.2.5.RELEASE\spring-context-5.2.5.RELEASE.jar;D:\yun_maven\org\springframework\spring-aop\5.2.5.RELEASE\spring-aop-5.2.5.RELEASE.jar;D:\yun_maven\org\springframework\spring-beans\5.2.5.RELEASE\spring-beans-5.2.5.RELEASE.jar;D:\yun_maven\org\springframework\spring-expression\5.2.5.RELEASE\spring-expression-5.2.5.RELEASE.jar;D:\yun_maven\org\springframework\boot\spring-boot-autoconfigure\2.2.6.RELEASE\spring-boot-autoconfigure-2.2.6.RELEASE.jar;D:\yun_maven\org\springframework\boot\spring-boot-starter-logging\2.2.6.RELEASE\spring-boot-starter-logging-2.2.6.RELEASE.jar;D:\yun_maven\ch\qos\logback\logback-classic\1.2.3\logback-classic-1.2.3.jar;D:\yun_maven\ch\qos\logback\logback-core\1.2.3\logback-core-1.2.3.jar;D:\yun_maven\org\apache\logging\log4j\log4j-to-slf4j\2.12.1\log4j-to-slf4j-2.12.1.jar;D:\yun_maven\org\apache\logging\log4j\log4j-api\2.12.1\log4j-api-2.12.1.jar;D:\yun_maven\org\slf4j\jul-to-slf4j\1.7.30\jul-to-slf4j-1.7.30.jar;D:\yun_maven\jakarta\annotation\jakarta.annotation-api\1.3.5\jakarta.annotation-api-1.3.5.jar;D:\yun_maven\org\springframework\spring-core\5.2.5.RELEASE\spring-core-5.2.5.RELEASE.jar;D:\yun_maven\org\springframework\spring-jcl\5.2.5.RELEASE\spring-jcl-5.2.5.RELEASE.jar;D:\yun_maven\org\yaml\snakeyaml\1.25\snakeyaml-1.25.jar;D:\yun_maven\org\projectlombok\lombok\1.18.12\lombok-1.18.12.jar;D:\yun_maven\org\springframework\boot\spring-boot-starter-test\2.2.6.RELEASE\spring-boot-starter-test-2.2.6.RELEASE.jar;D:\yun_maven\org\springframework\boot\spring-boot-test\2.2.6.RELEASE\spring-boot-test-2.2.6.RELEASE.jar;D:\yun_maven\org\springframework\boot\spring-boot-test-autoconfigure\2.2.6.RELEASE\spring-boot-test-autoconfigure-2.2.6.RELEASE.jar;D:\yun_maven\com\jayway\jsonpath\json-path\2.4.0\json-path-2.4.0.jar;D:\yun_maven\net\minidev\json-smart\2.3\json-smart-2.3.jar;D:\yun_maven\net\minidev\accessors-smart\1.2\accessors-smart-1.2.jar;D:\yun_maven\org\ow2\asm\asm\5.0.4\asm-5.0.4.jar;D:\yun_maven\org\slf4j\slf4j-api\1.7.30\slf4j-api-1.7.30.jar;D:\yun_maven\jakarta\xml\bind\jakarta.xml.bind-api\2.3.3\jakarta.xml.bind-api-2.3.3.jar;D:\yun_maven\jakarta\activation\jakarta.activation-api\1.2.2\jakarta.activation-api-1.2.2.jar;D:\yun_maven\org\junit\jupiter\junit-jupiter\5.5.2\junit-jupiter-5.5.2.jar;D:\yun_maven\org\junit\jupiter\junit-jupiter-api\5.5.2\junit-jupiter-api-5.5.2.jar;D:\yun_maven\org\apiguardian\apiguardian-api\1.1.0\apiguardian-api-1.1.0.jar;D:\yun_maven\org\opentest4j\opentest4j\1.2.0\opentest4j-1.2.0.jar;D:\yun_maven\org\junit\platform\junit-platform-commons\1.5.2\junit-platform-commons-1.5.2.jar;D:\yun_maven\org\junit\jupiter\junit-jupiter-params\5.5.2\junit-jupiter-params-5.5.2.jar;D:\yun_maven\org\junit\jupiter\junit-jupiter-engine\5.5.2\junit-jupiter-engine-5.5.2.jar;D:\yun_maven\org\junit\platform\junit-platform-engine\1.5.2\junit-platform-engine-1.5.2.jar;D:\yun_maven\org\mockito\mockito-junit-jupiter\3.1.0\mockito-junit-jupiter-3.1.0.jar;D:\yun_maven\org\assertj\assertj-core\3.13.2\assertj-core-3.13.2.jar;D:\yun_maven\org\hamcrest\hamcrest\2.1\hamcrest-2.1.jar;D:\yun_maven\org\mockito\mockito-core\3.1.0\mockito-core-3.1.0.jar;D:\yun_maven\net\bytebuddy\byte-buddy\1.10.8\byte-buddy-1.10.8.jar;D:\yun_maven\net\bytebuddy\byte-buddy-agent\1.10.8\byte-buddy-agent-1.10.8.jar;D:\yun_maven\org\objenesis\objenesis\2.6\objenesis-2.6.jar;D:\yun_maven\org\skyscreamer\jsonassert\1.5.0\jsonassert-1.5.0.jar;D:\yun_maven\com\vaadin\external\google\android-json\0.0.20131108.vaadin1\android-json-0.0.20131108.vaadin1.jar;D:\yun_maven\org\springframework\spring-test\5.2.5.RELEASE\spring-test-5.2.5.RELEASE.jar;D:\yun_maven\org\xmlunit\xmlunit-core\2.6.4\xmlunit-core-2.6.4.jar;D:\yun_maven\io\netty\netty-all\4.0.0.Final\netty-all-4.0.0.Final.jar;D:\yun_maven\com\alibaba\fastjson\1.2.59\fastjson-1.2.59.jar;"/>
    <property name="sun.cpu.endian" value="little"/>
    <property name="user.home" value="C:\Users\DYANGX"/>
    <property name="user.language" value="zh"/>
    <property name="java.specification.vendor" value="Oracle Corporation"/>
    <property name="java.home" value="D:\java\jdk8\jre"/>
    <property name="basedir" value="D:\project\new\netty-start\client"/>
    <property name="file.separator" value="\"/>
    <property name="line.separator" value="&#10;"/>
    <property name="idea.version2019.2.3" value="true"/>
    <property name="java.vm.specification.vendor" value="Oracle Corporation"/>
    <property name="java.specification.name" value="Java Platform API Specification"/>
    <property name="java.awt.graphicsenv" value="sun.awt.Win32GraphicsEnvironment"/>
    <property name="surefire.real.class.path" value="C:\Users\DYANGX\AppData\Local\Temp\surefire6708928170916160977\surefirebooter4784379700908531311.jar"/>
    <property name="sun.boot.class.path" value="D:\java\jdk8\jre\lib\resources.jar;D:\java\jdk8\jre\lib\rt.jar;D:\java\jdk8\jre\lib\sunrsasign.jar;D:\java\jdk8\jre\lib\jsse.jar;D:\java\jdk8\jre\lib\jce.jar;D:\java\jdk8\jre\lib\charsets.jar;D:\java\jdk8\jre\lib\jfr.jar;D:\java\jdk8\jre\classes"/>
    <property name="user.script" value=""/>
    <property name="sun.management.compiler" value="HotSpot 64-Bit Tiered Compilers"/>
    <property name="java.runtime.version" value="1.8.0_151-b12"/>
    <property name="user.name" value="DYANGX"/>
    <property name="path.separator" value=";"/>
    <property name="os.version" value="10.0"/>
    <property name="java.endorsed.dirs" value="D:\java\jdk8\jre\lib\endorsed"/>
    <property name="java.runtime.name" value="Java(TM) SE Runtime Environment"/>
    <property name="file.encoding" value="GBK"/>
    <property name="java.vm.name" value="Java HotSpot(TM) 64-Bit Server VM"/>
    <property name="localRepository" value="D:\yun_maven"/>
    <property name="java.vendor.url.bug" value="http://bugreport.sun.com/bugreport/"/>
    <property name="java.io.tmpdir" value="C:\Users\DYANGX\AppData\Local\Temp\"/>
    <property name="java.version" value="1.8.0_151"/>
    <property name="user.dir" value="D:\project\new\netty-start\client"/>
    <property name="os.arch" value="amd64"/>
    <property name="java.vm.specification.name" value="Java Virtual Machine Specification"/>
    <property name="java.awt.printerjob" value="sun.awt.windows.WPrinterJob"/>
    <property name="sun.os.patch.level" value=""/>
    <property name="java.library.path" value="D:\java\jdk8\jre\bin;C:\WINDOWS\Sun\Java\bin;C:\WINDOWS\system32;C:\WINDOWS;C:\WINDOWS\system32;C:\WINDOWS;C:\WINDOWS\System32\Wbem;C:\WINDOWS\System32\WindowsPowerShell\v1.0\;C:\WINDOWS\System32\OpenSSH\;C:\Program Files\NVIDIA Corporation\NVIDIA NvDLISR;C:\Program Files (x86)\NVIDIA Corporation\PhysX\Common;D:\mysql-5.7.23-winx64\bin;D:\apache-maven-3.5.2\bin;D:\java\jdk8\bin;D:\nodejs10\;D:\Erlang\erl10.5\bin;C:\WINDOWS\system32;C:\WINDOWS;C:\WINDOWS\System32\Wbem;C:\WINDOWS\System32\WindowsPowerShell\v1.0\;C:\WINDOWS\System32\OpenSSH\;D:\Git\Git\cmd;C:\Users\DYANGX\AppData\Local\Microsoft\WindowsApps;C:\Users\DYANGX\AppData\Roaming\npm;C:\Users\DYANGX\AppData\Local\Microsoft\WindowsApps;."/>
    <property name="java.vm.info" value="mixed mode"/>
    <property name="java.vendor" value="Oracle Corporation"/>
    <property name="java.vm.version" value="25.151-b12"/>
    <property name="java.ext.dirs" value="D:\java\jdk8\jre\lib\ext;C:\WINDOWS\Sun\Java\lib\ext"/>
    <property name="sun.io.unicode.encoding" value="UnicodeLittle"/>
    <property name="java.class.version" value="52.0"/>
  </properties>
  <testcase name="contextLoads" classname="com.netty.client.ClientApplicationTests" time="0.114"/>
</testsuite>